<?xml version="1.0" encoding="UTF-8"?>
<!-- Generated by org.testng.reporters.JUnitXMLReporter -->
<testsuite hostname="Jay-PC" ignored="0" name="Command line test" tests="1" failures="0" timestamp="2020-09-22T12:43:50 IST" time="4.064" errors="0">
  <testcase name="@BeforeMethod launchBrowser" time="-1.600758830655E9" classname="org.ca.webportal.base.ProjectSpecificMethods">
    <failure type="org.testng.TestNGException" message="
Parameter &amp;apos;url&amp;apos; is required by BeforeMethod on method launchBrowser but has not been marked @Optional or defined
">
      <![CDATA[org.testng.TestNGException: 
Parameter 'url' is required by BeforeMethod on method launchBrowser but has not been marked @Optional or defined

at java.util.ArrayList.forEach(Unknown Source)
at org.ca.webportal.testcases.CALoginExecute.main(CALoginExecute.java:15)
... Removed 26 stack frames]]>
    </failure>
  </testcase> <!-- @BeforeMethod launchBrowser -->
  <testcase name="@AfterMethod closeBrowser" time="-1.600758830662E9" classname="org.ca.webportal.base.ProjectSpecificMethods">
    <skipped/>
  </testcase> <!-- @AfterMethod closeBrowser -->
  <testcase name="loginLogout" time="0.0" classname="org.ca.webportal.testcases.TC001_CA_Login">
    <skipped/>
  </testcase> <!-- loginLogout -->
</testsuite> <!-- Command line test -->
