<?xml version="1.0" encoding="UTF-8"?>
<!-- Generated by org.testng.reporters.JUnitXMLReporter -->
<testsuite hostname="Jay-PC" ignored="0" name="Default test" tests="4" failures="0" timestamp="2020-10-06T12:32:32 IST" time="183.927" errors="0">
  <testcase name="addActivity" time="40.516" classname="org.ca.webportal.testcases.TC004_CA_AddPlayerForExisitingTeam"/>
  <testcase name="addActivity" time="28.498" classname="org.ca.webportal.testcases.TC004_CA_AddPlayerForExisitingTeam"/>
  <testcase name="addActivity" time="24.369" classname="org.ca.webportal.testcases.TC004_CA_AddPlayerForExisitingTeam"/>
  <testcase name="addActivity" time="33.1" classname="org.ca.webportal.testcases.TC004_CA_AddPlayerForExisitingTeam"/>
</testsuite> <!-- Default test -->
